Command line:
   shifttb_isim_beh.exe
     -simmode  gui
     -simrunnum  0
     -socket  54661

Sun Nov 10 21:06:56 2019


 Elaboration Time: 0 sec

 Current Memory Usage: 181.379 Meg

 Total Signals          : 20
 Total Nets             : 27
 Total Signal Drivers   : 12
 Total Blocks           : 3
 Total Primitive Blocks : 2
 Total Processes        : 21
 Total Traceable Variables  : 25
 Total Scalar Nets and Variables : 121
Total Line Count : 37

 Total Simulation Time: 0 sec

 Current Memory Usage: 256.881 Meg

Sun Nov 10 21:08:58 2019

