Command line:
   fsmtb2_isim_beh.exe
     -simmode  gui
     -simrunnum  0
     -socket  33357

Sun Nov 10 19:20:39 2019


 Elaboration Time: 0.01 sec

 Current Memory Usage: 181.383 Meg

 Total Signals          : 19
 Total Nets             : 18
 Total Signal Drivers   : 10
 Total Blocks           : 3
 Total Primitive Blocks : 2
 Total Processes        : 16
 Total Traceable Variables  : 25
 Total Scalar Nets and Variables : 108
Total Line Count : 123

 Total Simulation Time: 0.01 sec

 Current Memory Usage: 256.885 Meg

Sun Nov 10 19:20:58 2019

