Running: /opt/Xilinx/13.4/ISE_DS/ISE/bin/lin64/unwrapped/fuse -intstyle ise -incremental -lib unisims_ver -lib unimacro_ver -lib xilinxcorelib_ver -o /home/ahish/Desktop/VLSI-Assignment-7/fsm/fsmtb2_isim_beh.exe -prj /home/ahish/Desktop/VLSI-Assignment-7/fsm/fsmtb2_beh.prj work.fsmtb2 work.glbl 
ISim O.87xd (signature 0x8ddf5b5d)
Number of CPUs detected in this system: 3
Turning on mult-threading, number of parallel sub-compilation jobs: 6 
Determining compilation order of HDL files
Analyzing Verilog file "/home/ahish/Desktop/VLSI-Assignment-7/fsm/fsm.v" into library work
Analyzing Verilog file "/home/ahish/Desktop/VLSI-Assignment-7/fsm/fsmtb2.v" into library work
Analyzing Verilog file "/opt/Xilinx/13.4/ISE_DS/ISE//verilog/src/glbl.v" into library work
Starting static elaboration
Completed static elaboration
Fuse Memory Usage: 95040 KB
Fuse CPU Usage: 940 ms
Compiling module fsm
Compiling module fsmtb2
Compiling module glbl
Time Resolution for simulation is 1ps.
Compiled 3 Verilog Units
Built simulation executable /home/ahish/Desktop/VLSI-Assignment-7/fsm/fsmtb2_isim_beh.exe
Fuse Memory Usage: 524276 KB
Fuse CPU Usage: 950 ms
GCC CPU Usage: 300 ms
